<?xml version="1.0" encoding="UTF-8" ?>
<testsuite tests="27" failures="0" name="br.com.codersistemas.libs.utils.ReflectionUtilsTest" time="0.055" errors="0" skipped="0">
  <properties>
    <property name="java.vendor" value="AdoptOpenJDK"/>
    <property name="sun.java.launcher" value="SUN_STANDARD"/>
    <property name="os.name" value="Linux"/>
    <property name="sun.boot.class.path" value="/home/gustavo/.sdkman/candidates/java/8.0.292.j9-adpt/jre/lib/amd64/default/jclSC180/vm.jar:/home/gustavo/.sdkman/candidates/java/8.0.292.j9-adpt/jre/lib/se-service.jar:/home/gustavo/.sdkman/candidates/java/8.0.292.j9-adpt/jre/lib/rt.jar:/home/gustavo/.sdkman/candidates/java/8.0.292.j9-adpt/jre/lib/resources.jar:/home/gustavo/.sdkman/candidates/java/8.0.292.j9-adpt/jre/lib/jsse.jar:/home/gustavo/.sdkman/candidates/java/8.0.292.j9-adpt/jre/lib/charsets.jar:/home/gustavo/.sdkman/candidates/java/8.0.292.j9-adpt/jre/lib/jce.jar"/>
    <property name="sun.desktop" value="gnome"/>
    <property name="java.vm.specification.vendor" value="Oracle Corporation"/>
    <property name="java.runtime.version" value="1.8.0_292-b10"/>
    <property name="user.name" value="gustavo"/>
    <property name="java.compiler" value="j9jit29"/>
    <property name="os.encoding" value="UTF-8"/>
    <property name="guice.disable.misplaced.annotation.check" value="true"/>
    <property name="com.ibm.util.extralibs.properties" value=""/>
    <property name="com.ibm.jcl.checkClassPath" value=""/>
    <property name="user.language" value="pt"/>
    <property name="com.ibm.oti.vm.bootstrap.library.path" value="/home/gustavo/.sdkman/candidates/java/8.0.292.j9-adpt/jre/lib/amd64/default:/home/gustavo/.sdkman/candidates/java/8.0.292.j9-adpt/jre/lib/amd64"/>
    <property name="sun.boot.library.path" value="/home/gustavo/.sdkman/candidates/java/8.0.292.j9-adpt/jre/lib/amd64/default:/home/gustavo/.sdkman/candidates/java/8.0.292.j9-adpt/jre/lib/amd64"/>
    <property name="classworlds.conf" value="/home/gustavo/.sdkman/candidates/maven/current/bin/m2.conf"/>
    <property name="jdk.extensions.version" value="8.0.292.0"/>
    <property name="java.version" value="1.8.0_292"/>
    <property name="user.timezone" value="America/Sao_Paulo"/>
    <property name="com.ibm.system.agent.path" value="/home/gustavo/.sdkman/candidates/java/8.0.292.j9-adpt/jre/lib/amd64"/>
    <property name="sun.arch.data.model" value="64"/>
    <property name="com.ibm.zero.version" value="2"/>
    <property name="java.endorsed.dirs" value="/home/gustavo/.sdkman/candidates/java/8.0.292.j9-adpt/jre/lib/endorsed"/>
    <property name="com.ibm.oti.vm.library.version" value="29"/>
    <property name="sun.jnu.encoding" value="UTF-8"/>
    <property name="file.encoding.pkg" value="sun.io"/>
    <property name="file.separator" value="/"/>
    <property name="java.specification.name" value="Java Platform API Specification"/>
    <property name="maven.conf" value="/home/gustavo/.sdkman/candidates/maven/current/conf"/>
    <property name="java.class.version" value="52.0"/>
    <property name="user.country" value="BR"/>
    <property name="securerandom.source" value="file:/dev/./urandom"/>
    <property name="java.home" value="/home/gustavo/.sdkman/candidates/java/8.0.292.j9-adpt/jre"/>
    <property name="java.vm.info" value="JRE 1.8.0 Linux amd64-64-Bit Compressed References 20210421_1000 (JIT enabled, AOT enabled)
OpenJ9   - b4cc246d9
OMR      - 162e6f729
JCL      - 2a5e268814 based on jdk8u292-b10"/>
    <property name="os.version" value="5.8.0-63-generic"/>
    <property name="java.awt.fonts" value=""/>
    <property name="path.separator" value=":"/>
    <property name="java.vm.version" value="openj9-0.26.0"/>
    <property name="user.variant" value=""/>
    <property name="java.awt.printerjob" value="sun.print.PSPrinterJob"/>
    <property name="jdk.extensions.name" value="Extensions for OpenJDK for Eclipse OpenJ9"/>
    <property name="sun.io.unicode.encoding" value="UnicodeLittle"/>
    <property name="awt.toolkit" value="sun.awt.X11.XToolkit"/>
    <property name="ibm.signalhandling.sigint" value="true"/>
    <property name="user.home" value="/home/gustavo"/>
    <property name="com.ibm.cpu.endian" value="little"/>
    <property name="java.specification.vendor" value="Oracle Corporation"/>
    <property name="ibm.signalhandling.sigchain" value="true"/>
    <property name="library.jansi.path" value="/home/gustavo/.sdkman/candidates/maven/current/lib/jansi-native"/>
    <property name="java.library.path" value="/home/gustavo/.sdkman/candidates/java/8.0.292.j9-adpt/jre/lib/amd64/default:/home/gustavo/.sdkman/candidates/java/8.0.292.j9-adpt/jre/lib/amd64:/usr/lib64:/usr/lib"/>
    <property name="java.vendor.url" value="https://adoptopenjdk.net/"/>
    <property name="java.vm.vendor" value="Eclipse OpenJ9"/>
    <property name="java.fullversion" value="1.8.0_292-b10
JRE 1.8.0 Linux amd64-64-Bit Compressed References 20210421_1000 (JIT enabled, AOT enabled)
OpenJ9   - b4cc246d9
OMR      - 162e6f729
JCL      - 2a5e268814 based on jdk8u292-b10"/>
    <property name="maven.home" value="/home/gustavo/.sdkman/candidates/maven/current"/>
    <property name="java.runtime.name" value="OpenJDK Runtime Environment"/>
    <property name="sun.java.command" value="org.codehaus.plexus.classworlds.launcher.Launcher clean install"/>
    <property name="java.class.path" value="/home/gustavo/.sdkman/candidates/maven/current/boot/plexus-classworlds-2.6.0.jar"/>
    <property name="java.vm.specification.name" value="Java Virtual Machine Specification"/>
    <property name="sun.java.launcher.pid" value="38008"/>
    <property name="java.vm.specification.version" value="1.8"/>
    <property name="sun.cpu.endian" value="little"/>
    <property name="java.io.tmpdir" value="/tmp"/>
    <property name="maven.multiModuleProjectDirectory" value="/home/gustavo/dev/workspace-coder/coder-libs"/>
    <property name="ibm.system.encoding" value="UTF-8"/>
    <property name="os.arch" value="amd64"/>
    <property name="java.awt.graphicsenv" value="sun.awt.X11GraphicsEnvironment"/>
    <property name="ibm.signalhandling.rs" value="false"/>
    <property name="java.ext.dirs" value="/home/gustavo/.sdkman/candidates/java/8.0.292.j9-adpt/jre/lib/ext"/>
    <property name="user.dir" value="/home/gustavo/dev/workspace-coder/coder-libs"/>
    <property name="line.separator" value="
"/>
    <property name="java.vm.name" value="Eclipse OpenJ9 VM"/>
    <property name="com.ibm.oti.shared.enabled" value="false"/>
    <property name="com.ibm.vm.bitmode" value="64"/>
    <property name="file.encoding" value="UTF-8"/>
    <property name="com.ibm.oti.configuration" value="scar"/>
    <property name="java.specification.version" value="1.8"/>
  </properties>
  <testcase classname="br.com.codersistemas.libs.utils.ReflectionUtilsTest" name="testPrintCreateObjectCode" time="0.022"/>
  <testcase classname="br.com.codersistemas.libs.utils.ReflectionUtilsTest" name="testGetGeterName" time="0"/>
  <testcase classname="br.com.codersistemas.libs.utils.ReflectionUtilsTest" name="testGetField" time="0"/>
  <testcase classname="br.com.codersistemas.libs.utils.ReflectionUtilsTest" name="testGetTipoGenericoRetornoString" time="0"/>
  <testcase classname="br.com.codersistemas.libs.utils.ReflectionUtilsTest" name="testClone" time="0.001"/>
  <testcase classname="br.com.codersistemas.libs.utils.ReflectionUtilsTest" name="testGetAnnotationClassFieldClassOfQextendsAnnotation" time="0"/>
  <testcase classname="br.com.codersistemas.libs.utils.ReflectionUtilsTest" name="testToString" time="0.001"/>
  <testcase classname="br.com.codersistemas.libs.utils.ReflectionUtilsTest" name="testGetAtributos" time="0.013"/>
  <testcase classname="br.com.codersistemas.libs.utils.ReflectionUtilsTest" name="testBuscarDiferencas" time="0.008"/>
  <testcase classname="br.com.codersistemas.libs.utils.ReflectionUtilsTest" name="testGetFieldsClass" time="0"/>
  <testcase classname="br.com.codersistemas.libs.utils.ReflectionUtilsTest" name="testBuscarDiferencas2" time="0.001"/>
  <testcase classname="br.com.codersistemas.libs.utils.ReflectionUtilsTest" name="testIsGetter" time="0"/>
  <testcase classname="br.com.codersistemas.libs.utils.ReflectionUtilsTest" name="testGetContemRetorno" time="0"/>
  <testcase classname="br.com.codersistemas.libs.utils.ReflectionUtilsTest" name="testMapToBasicDTO" time="0.002"/>
  <testcase classname="br.com.codersistemas.libs.utils.ReflectionUtilsTest" name="testIsSetter" time="0"/>
  <testcase classname="br.com.codersistemas.libs.utils.ReflectionUtilsTest" name="testGetFieldsObject" time="0.001"/>
  <testcase classname="br.com.codersistemas.libs.utils.ReflectionUtilsTest" name="testGetMethods" time="0.002"/>
  <testcase classname="br.com.codersistemas.libs.utils.ReflectionUtilsTest" name="testGetMethod" time="0"/>
  <testcase classname="br.com.codersistemas.libs.utils.ReflectionUtilsTest" name="testSetValues" time="0"/>
  <testcase classname="br.com.codersistemas.libs.utils.ReflectionUtilsTest" name="testGetTipoGenericoRetorno" time="0"/>
  <testcase classname="br.com.codersistemas.libs.utils.ReflectionUtilsTest" name="testInject" time="0"/>
  <testcase classname="br.com.codersistemas.libs.utils.ReflectionUtilsTest" name="testGetAnnotations" time="0.001"/>
  <testcase classname="br.com.codersistemas.libs.utils.ReflectionUtilsTest" name="testGetValorLiteral" time="0.001"/>
  <testcase classname="br.com.codersistemas.libs.utils.ReflectionUtilsTest" name="testGetAnnotationClassField" time="0.001"/>
  <testcase classname="br.com.codersistemas.libs.utils.ReflectionUtilsTest" name="testPrintGettersSetters" time="0.001"/>
  <testcase classname="br.com.codersistemas.libs.utils.ReflectionUtilsTest" name="testSetValue" time="0"/>
  <testcase classname="br.com.codersistemas.libs.utils.ReflectionUtilsTest" name="testGetSeterName" time="0"/>
</testsuite>