<?xml version="1.0" encoding="UTF-8" ?>
<testsuite tests="26" failures="0" name="br.com.codersistemas.libs.utils.ReflectionUtilsTest" time="0.093" errors="0" skipped="0">
  <properties>
    <property name="java.runtime.name" value="OpenJDK Runtime Environment"/>
    <property name="sun.boot.library.path" value="/home/gustavo/.sdkman/candidates/java/8.0.172-zulu/jre/lib/amd64"/>
    <property name="java.vm.version" value="25.172-b01"/>
    <property name="user.country.format" value="BR"/>
    <property name="java.vm.vendor" value="Azul Systems, Inc."/>
    <property name="maven.multiModuleProjectDirectory" value="/home/gustavo/dev/workspace-coder/coder-libs"/>
    <property name="java.vendor.url" value="http://www.azulsystems.com/"/>
    <property name="path.separator" value=":"/>
    <property name="guice.disable.misplaced.annotation.check" value="true"/>
    <property name="java.vm.name" value="OpenJDK 64-Bit Server VM"/>
    <property name="file.encoding.pkg" value="sun.io"/>
    <property name="user.country" value="US"/>
    <property name="sun.java.launcher" value="SUN_STANDARD"/>
    <property name="sun.os.patch.level" value="unknown"/>
    <property name="java.vm.specification.name" value="Java Virtual Machine Specification"/>
    <property name="user.dir" value="/home/gustavo/dev/workspace-coder/coder-libs"/>
    <property name="java.runtime.version" value="1.8.0_172-b01"/>
    <property name="java.awt.graphicsenv" value="sun.awt.X11GraphicsEnvironment"/>
    <property name="java.endorsed.dirs" value="/home/gustavo/.sdkman/candidates/java/8.0.172-zulu/jre/lib/endorsed"/>
    <property name="os.arch" value="amd64"/>
    <property name="java.io.tmpdir" value="/tmp"/>
    <property name="line.separator" value="
"/>
    <property name="java.vm.specification.vendor" value="Oracle Corporation"/>
    <property name="os.name" value="Linux"/>
    <property name="classworlds.conf" value="/home/gustavo/dev/workspace/.metadata/.plugins/org.eclipse.m2e.launching/launches/m2conf2892474048593898983.tmp"/>
    <property name="sun.jnu.encoding" value="UTF-8"/>
    <property name="java.library.path" value="/usr/java/packages/lib/amd64:/usr/lib64:/lib64:/lib:/usr/lib"/>
    <property name="java.specification.name" value="Java Platform API Specification"/>
    <property name="java.class.version" value="52.0"/>
    <property name="sun.management.compiler" value="HotSpot 64-Bit Tiered Compilers"/>
    <property name="os.version" value="4.15.0-88-generic"/>
    <property name="user.home" value="/home/gustavo"/>
    <property name="user.timezone" value="America/Sao_Paulo"/>
    <property name="java.awt.printerjob" value="sun.print.PSPrinterJob"/>
    <property name="java.specification.version" value="1.8"/>
    <property name="file.encoding" value="UTF-8"/>
    <property name="user.name" value="gustavo"/>
    <property name="java.class.path" value="/home/gustavo/dev/spring-tool-suite-3.9.5.RELEASE-e4.8.0-linux-gtk-x86_64/sts-bundle/sts-3.9.5.RELEASE/plugins/org.eclipse.m2e.maven.runtime_1.9.0.20180606-2035/jars/plexus-classworlds-2.5.2.jar"/>
    <property name="java.vm.specification.version" value="1.8"/>
    <property name="sun.arch.data.model" value="64"/>
    <property name="java.home" value="/home/gustavo/.sdkman/candidates/java/8.0.172-zulu/jre"/>
    <property name="sun.java.command" value="org.codehaus.plexus.classworlds.launcher.Launcher -B install"/>
    <property name="java.specification.vendor" value="Oracle Corporation"/>
    <property name="user.language" value="en"/>
    <property name="user.language.format" value="pt"/>
    <property name="awt.toolkit" value="sun.awt.X11.XToolkit"/>
    <property name="java.vm.info" value="mixed mode"/>
    <property name="java.version" value="1.8.0_172"/>
    <property name="java.ext.dirs" value="/home/gustavo/.sdkman/candidates/java/8.0.172-zulu/jre/lib/ext:/usr/java/packages/lib/ext"/>
    <property name="securerandom.source" value="file:/dev/./urandom"/>
    <property name="sun.boot.class.path" value="/home/gustavo/.sdkman/candidates/java/8.0.172-zulu/jre/lib/resources.jar:/home/gustavo/.sdkman/candidates/java/8.0.172-zulu/jre/lib/rt.jar:/home/gustavo/.sdkman/candidates/java/8.0.172-zulu/jre/lib/sunrsasign.jar:/home/gustavo/.sdkman/candidates/java/8.0.172-zulu/jre/lib/jsse.jar:/home/gustavo/.sdkman/candidates/java/8.0.172-zulu/jre/lib/jce.jar:/home/gustavo/.sdkman/candidates/java/8.0.172-zulu/jre/lib/charsets.jar:/home/gustavo/.sdkman/candidates/java/8.0.172-zulu/jre/lib/jfr.jar:/home/gustavo/.sdkman/candidates/java/8.0.172-zulu/jre/classes"/>
    <property name="java.vendor" value="Azul Systems, Inc."/>
    <property name="maven.home" value="/home/gustavo/dev/workspace-coder/coder-libs/EMBEDDED"/>
    <property name="file.separator" value="/"/>
    <property name="java.vendor.url.bug" value="http://www.azulsystems.com/support/"/>
    <property name="sun.cpu.endian" value="little"/>
    <property name="sun.io.unicode.encoding" value="UnicodeLittle"/>
    <property name="sun.desktop" value="gnome"/>
    <property name="sun.cpu.isalist" value=""/>
  </properties>
  <testcase classname="br.com.codersistemas.libs.utils.ReflectionUtilsTest" name="testPrintCreateObjectCode" time="0.018"/>
  <testcase classname="br.com.codersistemas.libs.utils.ReflectionUtilsTest" name="testGetGeterName" time="0"/>
  <testcase classname="br.com.codersistemas.libs.utils.ReflectionUtilsTest" name="testGetField" time="0"/>
  <testcase classname="br.com.codersistemas.libs.utils.ReflectionUtilsTest" name="testGetTipoGenericoRetornoString" time="0.001"/>
  <testcase classname="br.com.codersistemas.libs.utils.ReflectionUtilsTest" name="testClone" time="0.009"/>
  <testcase classname="br.com.codersistemas.libs.utils.ReflectionUtilsTest" name="testGetAnnotationClassFieldClassOfQextendsAnnotation" time="0"/>
  <testcase classname="br.com.codersistemas.libs.utils.ReflectionUtilsTest" name="testToString" time="0.001"/>
  <testcase classname="br.com.codersistemas.libs.utils.ReflectionUtilsTest" name="testGetAtributos" time="0.027"/>
  <testcase classname="br.com.codersistemas.libs.utils.ReflectionUtilsTest" name="testBuscarDiferencas" time="0.029"/>
  <testcase classname="br.com.codersistemas.libs.utils.ReflectionUtilsTest" name="testGetFieldsClass" time="0"/>
  <testcase classname="br.com.codersistemas.libs.utils.ReflectionUtilsTest" name="testBuscarDiferencas2" time="0"/>
  <testcase classname="br.com.codersistemas.libs.utils.ReflectionUtilsTest" name="testIsGetter" time="0"/>
  <testcase classname="br.com.codersistemas.libs.utils.ReflectionUtilsTest" name="testGetContemRetorno" time="0"/>
  <testcase classname="br.com.codersistemas.libs.utils.ReflectionUtilsTest" name="testIsSetter" time="0"/>
  <testcase classname="br.com.codersistemas.libs.utils.ReflectionUtilsTest" name="testGetFieldsObject" time="0"/>
  <testcase classname="br.com.codersistemas.libs.utils.ReflectionUtilsTest" name="testGetMethods" time="0.001"/>
  <testcase classname="br.com.codersistemas.libs.utils.ReflectionUtilsTest" name="testGetMethod" time="0"/>
  <testcase classname="br.com.codersistemas.libs.utils.ReflectionUtilsTest" name="testSetValues" time="0"/>
  <testcase classname="br.com.codersistemas.libs.utils.ReflectionUtilsTest" name="testGetTipoGenericoRetorno" time="0"/>
  <testcase classname="br.com.codersistemas.libs.utils.ReflectionUtilsTest" name="testInject" time="0"/>
  <testcase classname="br.com.codersistemas.libs.utils.ReflectionUtilsTest" name="testGetAnnotations" time="0"/>
  <testcase classname="br.com.codersistemas.libs.utils.ReflectionUtilsTest" name="testGetValorLiteral" time="0.005"/>
  <testcase classname="br.com.codersistemas.libs.utils.ReflectionUtilsTest" name="testGetAnnotationClassField" time="0.001"/>
  <testcase classname="br.com.codersistemas.libs.utils.ReflectionUtilsTest" name="testPrintGettersSetters" time="0"/>
  <testcase classname="br.com.codersistemas.libs.utils.ReflectionUtilsTest" name="testSetValue" time="0"/>
  <testcase classname="br.com.codersistemas.libs.utils.ReflectionUtilsTest" name="testGetSeterName" time="0.001"/>
</testsuite>